<?xml version="1.0" encoding="UTF-8"?>
<testsuite name="com.resource.treino.TreinoApplicationTests" tests="1" skipped="0" failures="0" errors="0" timestamp="2019-05-15T20:36:57" hostname="CENW10N09475" time="0.325">
  <properties/>
  <testcase name="contextLoads" classname="com.resource.treino.TreinoApplicationTests" time="0.325"/>
  <system-out><![CDATA[17:36:51.089 [Test worker] DEBUG org.springframework.test.context.junit4.SpringJUnit4ClassRunner - SpringJUnit4ClassRunner constructor called with [class com.resource.treino.TreinoApplicationTests]
17:36:51.104 [Test worker] DEBUG org.springframework.test.context.BootstrapUtils - Instantiating CacheAwareContextLoaderDelegate from class [org.springframework.test.context.cache.DefaultCacheAwareContextLoaderDelegate]
17:36:51.121 [Test worker] DEBUG org.springframework.test.context.BootstrapUtils - Instantiating BootstrapContext using constructor [public org.springframework.test.context.support.DefaultBootstrapContext(java.lang.Class,org.springframework.test.context.CacheAwareContextLoaderDelegate)]
17:36:51.154 [Test worker] DEBUG org.springframework.test.context.BootstrapUtils - Instantiating TestContextBootstrapper for test class [com.resource.treino.TreinoApplicationTests] from class [org.springframework.boot.test.context.SpringBootTestContextBootstrapper]
17:36:51.184 [Test worker] INFO org.springframework.boot.test.context.SpringBootTestContextBootstrapper - Neither @ContextConfiguration nor @ContextHierarchy found for test class [com.resource.treino.TreinoApplicationTests], using SpringBootContextLoader
17:36:51.188 [Test worker] DEBUG org.springframework.test.context.support.AbstractContextLoader - Did not detect default resource location for test class [com.resource.treino.TreinoApplicationTests]: class path resource [com/resource/treino/TreinoApplicationTests-context.xml] does not exist
17:36:51.188 [Test worker] DEBUG org.springframework.test.context.support.AbstractContextLoader - Did not detect default resource location for test class [com.resource.treino.TreinoApplicationTests]: class path resource [com/resource/treino/TreinoApplicationTestsContext.groovy] does not exist
17:36:51.189 [Test worker] INFO org.springframework.test.context.support.AbstractContextLoader - Could not detect default resource locations for test class [com.resource.treino.TreinoApplicationTests]: no resource found for suffixes {-context.xml, Context.groovy}.
17:36:51.190 [Test worker] INFO org.springframework.test.context.support.AnnotationConfigContextLoaderUtils - Could not detect default configuration classes for test class [com.resource.treino.TreinoApplicationTests]: TreinoApplicationTests does not declare any static, non-private, non-final, nested classes annotated with @Configuration.
17:36:51.279 [Test worker] DEBUG org.springframework.test.context.support.ActiveProfilesUtils - Could not find an 'annotation declaring class' for annotation type [org.springframework.test.context.ActiveProfiles] and class [com.resource.treino.TreinoApplicationTests]
17:36:51.386 [Test worker] DEBUG org.springframework.context.annotation.ClassPathScanningCandidateComponentProvider - Identified candidate component class: file [C:\Users\re036302\workspace\treino\build\classes\java\main\com\resource\treino\TreinoApplication.class]
17:36:51.389 [Test worker] INFO org.springframework.boot.test.context.SpringBootTestContextBootstrapper - Found @SpringBootConfiguration com.resource.treino.TreinoApplication for test class com.resource.treino.TreinoApplicationTests
17:36:51.520 [Test worker] DEBUG org.springframework.boot.test.context.SpringBootTestContextBootstrapper - @TestExecutionListeners is not present for class [com.resource.treino.TreinoApplicationTests]: using defaults.
17:36:51.521 [Test worker] INFO org.springframework.boot.test.context.SpringBootTestContextBootstrapper - Loaded default TestExecutionListener class names from location [META-INF/spring.factories]: [org.springframework.boot.test.autoconfigure.restdocs.RestDocsTestExecutionListener, org.springframework.boot.test.autoconfigure.web.client.MockRestServiceServerResetTestExecutionListener, org.springframework.boot.test.autoconfigure.web.servlet.MockMvcPrintOnlyOnFailureTestExecutionListener, org.springframework.boot.test.autoconfigure.web.servlet.WebDriverTestExecutionListener, org.springframework.boot.test.mock.mockito.MockitoTestExecutionListener, org.springframework.boot.test.mock.mockito.ResetMocksTestExecutionListener, org.springframework.test.context.web.ServletTestExecutionListener, org.springframework.test.context.support.DirtiesContextBeforeModesTestExecutionListener, org.springframework.test.context.support.DependencyInjectionTestExecutionListener, org.springframework.test.context.support.DirtiesContextTestExecutionListener, org.springframework.test.context.transaction.TransactionalTestExecutionListener, org.springframework.test.context.jdbc.SqlScriptsTestExecutionListener]
17:36:51.545 [Test worker] DEBUG org.springframework.boot.test.context.SpringBootTestContextBootstrapper - Skipping candidate TestExecutionListener [org.springframework.test.context.transaction.TransactionalTestExecutionListener] due to a missing dependency. Specify custom listener classes or make the default listener classes and their required dependencies available. Offending class: [org/springframework/transaction/interceptor/TransactionAttributeSource]
17:36:51.547 [Test worker] DEBUG org.springframework.boot.test.context.SpringBootTestContextBootstrapper - Skipping candidate TestExecutionListener [org.springframework.test.context.jdbc.SqlScriptsTestExecutionListener] due to a missing dependency. Specify custom listener classes or make the default listener classes and their required dependencies available. Offending class: [org/springframework/transaction/interceptor/TransactionAttribute]
17:36:51.548 [Test worker] INFO org.springframework.boot.test.context.SpringBootTestContextBootstrapper - Using TestExecutionListeners: [org.springframework.test.context.web.ServletTestExecutionListener@44c00a85, org.springframework.test.context.support.DirtiesContextBeforeModesTestExecutionListener@276d0b7f, org.springframework.boot.test.mock.mockito.MockitoTestExecutionListener@1096dedf, org.springframework.boot.test.autoconfigure.SpringBootDependencyInjectionTestExecutionListener@66327ce6, org.springframework.test.context.support.DirtiesContextTestExecutionListener@22e2c687, org.springframework.boot.test.autoconfigure.restdocs.RestDocsTestExecutionListener@6d1b0757, org.springframework.boot.test.autoconfigure.web.client.MockRestServiceServerResetTestExecutionListener@4b5d5c0d, org.springframework.boot.test.autoconfigure.web.servlet.MockMvcPrintOnlyOnFailureTestExecutionListener@3e7ddccc, org.springframework.boot.test.autoconfigure.web.servlet.WebDriverTestExecutionListener@a9ff37a, org.springframework.boot.test.mock.mockito.ResetMocksTestExecutionListener@3f8b6cc1]
17:36:51.553 [Test worker] DEBUG org.springframework.test.annotation.ProfileValueUtils - Retrieved @ProfileValueSourceConfiguration [null] for test class [com.resource.treino.TreinoApplicationTests]
17:36:51.554 [Test worker] DEBUG org.springframework.test.annotation.ProfileValueUtils - Retrieved ProfileValueSource type [class org.springframework.test.annotation.SystemProfileValueSource] for class [com.resource.treino.TreinoApplicationTests]
17:36:51.556 [Test worker] DEBUG org.springframework.test.annotation.ProfileValueUtils - Retrieved @ProfileValueSourceConfiguration [null] for test class [com.resource.treino.TreinoApplicationTests]
17:36:51.557 [Test worker] DEBUG org.springframework.test.annotation.ProfileValueUtils - Retrieved ProfileValueSource type [class org.springframework.test.annotation.SystemProfileValueSource] for class [com.resource.treino.TreinoApplicationTests]
17:36:51.563 [Test worker] DEBUG org.springframework.test.context.support.AbstractDirtiesContextTestExecutionListener - Before test class: context [DefaultTestContext@16b9388b testClass = TreinoApplicationTests, testInstance = [null], testMethod = [null], testException = [null], mergedContextConfiguration = [WebMergedContextConfiguration@5c8b3fb testClass = TreinoApplicationTests, locations = '{}', classes = '{class com.resource.treino.TreinoApplication}', contextInitializerClasses = '[]', activeProfiles = '{}', propertySourceLocations = '{}', propertySourceProperties = '{org.springframework.boot.test.context.SpringBootTestContextBootstrapper=true}', contextCustomizers = set[org.springframework.boot.test.autoconfigure.properties.PropertyMappingContextCustomizer@0, org.springframework.boot.test.autoconfigure.web.servlet.WebDriverContextCustomizerFactory$Customizer@3d5f2ada, org.springframework.boot.test.context.filter.ExcludeFilterContextCustomizer@6ea1fbf, org.springframework.boot.test.json.DuplicateJsonObjectContextCustomizerFactory$DuplicateJsonObjectContextCustomizer@733b3cd3, org.springframework.boot.test.mock.mockito.MockitoContextCustomizer@0, org.springframework.boot.test.web.client.TestRestTemplateContextCustomizer@7e7c8b8d], resourceBasePath = 'src/main/webapp', contextLoader = 'org.springframework.boot.test.context.SpringBootContextLoader', parent = [null]], attributes = map['org.springframework.test.context.web.ServletTestExecutionListener.activateListener' -> true]], class annotated with @DirtiesContext [false] with mode [null].
17:36:51.564 [Test worker] DEBUG org.springframework.test.annotation.ProfileValueUtils - Retrieved @ProfileValueSourceConfiguration [null] for test class [com.resource.treino.TreinoApplicationTests]
17:36:51.564 [Test worker] DEBUG org.springframework.test.annotation.ProfileValueUtils - Retrieved ProfileValueSource type [class org.springframework.test.annotation.SystemProfileValueSource] for class [com.resource.treino.TreinoApplicationTests]
17:36:51.589 [Test worker] DEBUG org.springframework.test.context.support.TestPropertySourceUtils - Adding inlined properties to environment: {spring.jmx.enabled=false, org.springframework.boot.test.context.SpringBootTestContextBootstrapper=true, server.port=-1}

  .   ____          _            __ _ _
 /\\ / ___'_ __ _ _(_)_ __  __ _ \ \ \ \
( ( )\___ | '_ | '_| | '_ \/ _` | \ \ \ \
 \\/  ___)| |_)| | | | | || (_| |  ) ) ) )
  '  |____| .__|_| |_|_| |_\__, | / / / /
 =========|_|==============|___/=/_/_/_/
 :: Spring Boot ::        (v2.1.4.RELEASE)

2019-05-15 17:36:51.974  INFO 15528 --- [    Test worker] c.r.treino.TreinoApplicationTests        : Starting TreinoApplicationTests on CENW10N09475 with PID 15528 (started by re036302 in C:\Users\re036302\workspace\treino)
2019-05-15 17:36:51.975  INFO 15528 --- [    Test worker] c.r.treino.TreinoApplicationTests        : No active profile set, falling back to default profiles: default
2019-05-15 17:36:56.643  INFO 15528 --- [    Test worker] o.s.s.concurrent.ThreadPoolTaskExecutor  : Initializing ExecutorService 'applicationTaskExecutor'
2019-05-15 17:36:57.502  INFO 15528 --- [    Test worker] c.r.treino.TreinoApplicationTests        : Started TreinoApplicationTests in 5.9 seconds (JVM running for 7.704)
]]></system-out>
  <system-err><![CDATA[]]></system-err>
</testsuite>
