<?xml version="1.0" encoding="UTF-8"?>
<testsuite name="com.resource.treino.TreinoApplicationTests" tests="1" skipped="0" failures="0" errors="0" timestamp="2019-05-24T19:24:47" hostname="CENW10N09475" time="0.847">
  <properties/>
  <testcase name="contextLoads" classname="com.resource.treino.TreinoApplicationTests" time="0.847"/>
  <system-out><![CDATA[16:24:35.329 [Test worker] DEBUG org.springframework.test.context.junit4.SpringJUnit4ClassRunner - SpringJUnit4ClassRunner constructor called with [class com.resource.treino.TreinoApplicationTests]
16:24:35.371 [Test worker] DEBUG org.springframework.test.context.BootstrapUtils - Instantiating CacheAwareContextLoaderDelegate from class [org.springframework.test.context.cache.DefaultCacheAwareContextLoaderDelegate]
16:24:35.400 [Test worker] DEBUG org.springframework.test.context.BootstrapUtils - Instantiating BootstrapContext using constructor [public org.springframework.test.context.support.DefaultBootstrapContext(java.lang.Class,org.springframework.test.context.CacheAwareContextLoaderDelegate)]
16:24:35.476 [Test worker] DEBUG org.springframework.test.context.BootstrapUtils - Instantiating TestContextBootstrapper for test class [com.resource.treino.TreinoApplicationTests] from class [org.springframework.boot.test.context.SpringBootTestContextBootstrapper]
16:24:35.532 [Test worker] INFO org.springframework.boot.test.context.SpringBootTestContextBootstrapper - Neither @ContextConfiguration nor @ContextHierarchy found for test class [com.resource.treino.TreinoApplicationTests], using SpringBootContextLoader
16:24:35.541 [Test worker] DEBUG org.springframework.test.context.support.AbstractContextLoader - Did not detect default resource location for test class [com.resource.treino.TreinoApplicationTests]: class path resource [com/resource/treino/TreinoApplicationTests-context.xml] does not exist
16:24:35.542 [Test worker] DEBUG org.springframework.test.context.support.AbstractContextLoader - Did not detect default resource location for test class [com.resource.treino.TreinoApplicationTests]: class path resource [com/resource/treino/TreinoApplicationTestsContext.groovy] does not exist
16:24:35.543 [Test worker] INFO org.springframework.test.context.support.AbstractContextLoader - Could not detect default resource locations for test class [com.resource.treino.TreinoApplicationTests]: no resource found for suffixes {-context.xml, Context.groovy}.
16:24:35.546 [Test worker] INFO org.springframework.test.context.support.AnnotationConfigContextLoaderUtils - Could not detect default configuration classes for test class [com.resource.treino.TreinoApplicationTests]: TreinoApplicationTests does not declare any static, non-private, non-final, nested classes annotated with @Configuration.
16:24:35.754 [Test worker] DEBUG org.springframework.test.context.support.ActiveProfilesUtils - Could not find an 'annotation declaring class' for annotation type [org.springframework.test.context.ActiveProfiles] and class [com.resource.treino.TreinoApplicationTests]
16:24:36.066 [Test worker] DEBUG org.springframework.context.annotation.ClassPathScanningCandidateComponentProvider - Identified candidate component class: file [C:\Users\re036302\workspace\treino\build\classes\java\main\com\resource\treino\TreinoApplication.class]
16:24:36.071 [Test worker] INFO org.springframework.boot.test.context.SpringBootTestContextBootstrapper - Found @SpringBootConfiguration com.resource.treino.TreinoApplication for test class com.resource.treino.TreinoApplicationTests
16:24:36.539 [Test worker] DEBUG org.springframework.boot.test.context.SpringBootTestContextBootstrapper - @TestExecutionListeners is not present for class [com.resource.treino.TreinoApplicationTests]: using defaults.
16:24:36.542 [Test worker] INFO org.springframework.boot.test.context.SpringBootTestContextBootstrapper - Loaded default TestExecutionListener class names from location [META-INF/spring.factories]: [org.springframework.boot.test.autoconfigure.restdocs.RestDocsTestExecutionListener, org.springframework.boot.test.autoconfigure.web.client.MockRestServiceServerResetTestExecutionListener, org.springframework.boot.test.autoconfigure.web.servlet.MockMvcPrintOnlyOnFailureTestExecutionListener, org.springframework.boot.test.autoconfigure.web.servlet.WebDriverTestExecutionListener, org.springframework.boot.test.mock.mockito.MockitoTestExecutionListener, org.springframework.boot.test.mock.mockito.ResetMocksTestExecutionListener, org.springframework.test.context.web.ServletTestExecutionListener, org.springframework.test.context.support.DirtiesContextBeforeModesTestExecutionListener, org.springframework.test.context.support.DependencyInjectionTestExecutionListener, org.springframework.test.context.support.DirtiesContextTestExecutionListener, org.springframework.test.context.transaction.TransactionalTestExecutionListener, org.springframework.test.context.jdbc.SqlScriptsTestExecutionListener]
16:24:36.601 [Test worker] DEBUG org.springframework.boot.test.context.SpringBootTestContextBootstrapper - Skipping candidate TestExecutionListener [org.springframework.test.context.transaction.TransactionalTestExecutionListener] due to a missing dependency. Specify custom listener classes or make the default listener classes and their required dependencies available. Offending class: [org/springframework/transaction/interceptor/TransactionAttributeSource]
16:24:36.604 [Test worker] DEBUG org.springframework.boot.test.context.SpringBootTestContextBootstrapper - Skipping candidate TestExecutionListener [org.springframework.test.context.jdbc.SqlScriptsTestExecutionListener] due to a missing dependency. Specify custom listener classes or make the default listener classes and their required dependencies available. Offending class: [org/springframework/transaction/interceptor/TransactionAttribute]
16:24:36.611 [Test worker] INFO org.springframework.boot.test.context.SpringBootTestContextBootstrapper - Using TestExecutionListeners: [org.springframework.test.context.web.ServletTestExecutionListener@5c7e329d, org.springframework.test.context.support.DirtiesContextBeforeModesTestExecutionListener@120fba84, org.springframework.boot.test.mock.mockito.MockitoTestExecutionListener@37d6fc60, org.springframework.boot.test.autoconfigure.SpringBootDependencyInjectionTestExecutionListener@200b00ab, org.springframework.test.context.support.DirtiesContextTestExecutionListener@d4c24ed, org.springframework.boot.test.autoconfigure.restdocs.RestDocsTestExecutionListener@6278645a, org.springframework.boot.test.autoconfigure.web.client.MockRestServiceServerResetTestExecutionListener@62cdb189, org.springframework.boot.test.autoconfigure.web.servlet.MockMvcPrintOnlyOnFailureTestExecutionListener@1a3beb23, org.springframework.boot.test.autoconfigure.web.servlet.WebDriverTestExecutionListener@763cdfc5, org.springframework.boot.test.mock.mockito.ResetMocksTestExecutionListener@57472fec]
16:24:36.624 [Test worker] DEBUG org.springframework.test.annotation.ProfileValueUtils - Retrieved @ProfileValueSourceConfiguration [null] for test class [com.resource.treino.TreinoApplicationTests]
16:24:36.629 [Test worker] DEBUG org.springframework.test.annotation.ProfileValueUtils - Retrieved ProfileValueSource type [class org.springframework.test.annotation.SystemProfileValueSource] for class [com.resource.treino.TreinoApplicationTests]
16:24:36.632 [Test worker] DEBUG org.springframework.test.annotation.ProfileValueUtils - Retrieved @ProfileValueSourceConfiguration [null] for test class [com.resource.treino.TreinoApplicationTests]
16:24:36.633 [Test worker] DEBUG org.springframework.test.annotation.ProfileValueUtils - Retrieved ProfileValueSource type [class org.springframework.test.annotation.SystemProfileValueSource] for class [com.resource.treino.TreinoApplicationTests]
16:24:36.657 [Test worker] DEBUG org.springframework.test.context.support.AbstractDirtiesContextTestExecutionListener - Before test class: context [DefaultTestContext@680068c2 testClass = TreinoApplicationTests, testInstance = [null], testMethod = [null], testException = [null], mergedContextConfiguration = [WebMergedContextConfiguration@587c512d testClass = TreinoApplicationTests, locations = '{}', classes = '{class com.resource.treino.TreinoApplication}', contextInitializerClasses = '[]', activeProfiles = '{}', propertySourceLocations = '{}', propertySourceProperties = '{org.springframework.boot.test.context.SpringBootTestContextBootstrapper=true}', contextCustomizers = set[org.springframework.boot.test.autoconfigure.properties.PropertyMappingContextCustomizer@0, org.springframework.boot.test.autoconfigure.web.servlet.WebDriverContextCustomizerFactory$Customizer@5e2c4670, org.springframework.boot.test.context.filter.ExcludeFilterContextCustomizer@21b514db, org.springframework.boot.test.json.DuplicateJsonObjectContextCustomizerFactory$DuplicateJsonObjectContextCustomizer@5cc66cc3, org.springframework.boot.test.mock.mockito.MockitoContextCustomizer@0, org.springframework.boot.test.web.client.TestRestTemplateContextCustomizer@1cebbd36], resourceBasePath = 'src/main/webapp', contextLoader = 'org.springframework.boot.test.context.SpringBootContextLoader', parent = [null]], attributes = map['org.springframework.test.context.web.ServletTestExecutionListener.activateListener' -> true]], class annotated with @DirtiesContext [false] with mode [null].
16:24:36.661 [Test worker] DEBUG org.springframework.test.annotation.ProfileValueUtils - Retrieved @ProfileValueSourceConfiguration [null] for test class [com.resource.treino.TreinoApplicationTests]
16:24:36.662 [Test worker] DEBUG org.springframework.test.annotation.ProfileValueUtils - Retrieved ProfileValueSource type [class org.springframework.test.annotation.SystemProfileValueSource] for class [com.resource.treino.TreinoApplicationTests]
16:24:36.751 [Test worker] DEBUG org.springframework.test.context.support.TestPropertySourceUtils - Adding inlined properties to environment: {spring.jmx.enabled=false, org.springframework.boot.test.context.SpringBootTestContextBootstrapper=true, server.port=-1}

  .   ____          _            __ _ _
 /\\ / ___'_ __ _ _(_)_ __  __ _ \ \ \ \
( ( )\___ | '_ | '_| | '_ \/ _` | \ \ \ \
 \\/  ___)| |_)| | | | | || (_| |  ) ) ) )
  '  |____| .__|_| |_|_| |_\__, | / / / /
 =========|_|==============|___/=/_/_/_/
 :: Spring Boot ::        (v2.1.4.RELEASE)

2019-05-24 16:24:37.770  INFO 16292 --- [    Test worker] c.r.treino.TreinoApplicationTests        : Starting TreinoApplicationTests on CENW10N09475 with PID 16292 (started by re036302 in C:\Users\re036302\workspace\treino)
2019-05-24 16:24:37.773  INFO 16292 --- [    Test worker] c.r.treino.TreinoApplicationTests        : No active profile set, falling back to default profiles: default
2019-05-24 16:24:45.777  INFO 16292 --- [    Test worker] o.s.s.concurrent.ThreadPoolTaskExecutor  : Initializing ExecutorService 'applicationTaskExecutor'
2019-05-24 16:24:47.476  INFO 16292 --- [    Test worker] c.r.treino.TreinoApplicationTests        : Started TreinoApplicationTests in 10.689 seconds (JVM running for 15.647)
]]></system-out>
  <system-err><![CDATA[]]></system-err>
</testsuite>
